<?xml version="1.0" encoding="UTF-8"?>
<coverage generated="1639668852">
  <project timestamp="1639668852">
    <file name="/srv/api/src/Controller/NotificationController.php">
      <class name="App\Controller\NotificationController" namespace="global">
        <metrics complexity="22" methods="7" coveredmethods="0" conditionals="0" coveredconditionals="0" statements="73" coveredstatements="0" elements="80" coveredelements="0"/>
      </class>
      <line num="23" type="method" name="__construct" visibility="public" complexity="1" crap="2" count="0"/>
      <line num="25" type="stmt" count="0"/>
      <line num="26" type="stmt" count="0"/>
      <line num="31" type="method" name="createUserAction" visibility="public" complexity="2" crap="6" count="0"/>
      <line num="33" type="stmt" count="0"/>
      <line num="34" type="stmt" count="0"/>
      <line num="35" type="stmt" count="0"/>
      <line num="37" type="stmt" count="0"/>
      <line num="38" type="stmt" count="0"/>
      <line num="39" type="stmt" count="0"/>
      <line num="41" type="stmt" count="0"/>
      <line num="47" type="method" name="createShareStudentAction" visibility="public" complexity="2" crap="6" count="0"/>
      <line num="49" type="stmt" count="0"/>
      <line num="50" type="stmt" count="0"/>
      <line num="51" type="stmt" count="0"/>
      <line num="53" type="stmt" count="0"/>
      <line num="54" type="stmt" count="0"/>
      <line num="55" type="stmt" count="0"/>
      <line num="57" type="stmt" count="0"/>
      <line num="63" type="method" name="createOrEditOrganizationAction" visibility="public" complexity="5" crap="30" count="0"/>
      <line num="65" type="stmt" count="0"/>
      <line num="66" type="stmt" count="0"/>
      <line num="67" type="stmt" count="0"/>
      <line num="69" type="stmt" count="0"/>
      <line num="70" type="stmt" count="0"/>
      <line num="71" type="stmt" count="0"/>
      <line num="73" type="stmt" count="0"/>
      <line num="76" type="stmt" count="0"/>
      <line num="77" type="stmt" count="0"/>
      <line num="78" type="stmt" count="0"/>
      <line num="79" type="stmt" count="0"/>
      <line num="81" type="stmt" count="0"/>
      <line num="82" type="stmt" count="0"/>
      <line num="88" type="method" name="createOrEditEmployeeAction" visibility="public" complexity="4" crap="20" count="0"/>
      <line num="90" type="stmt" count="0"/>
      <line num="93" type="stmt" count="0"/>
      <line num="95" type="stmt" count="0"/>
      <line num="96" type="stmt" count="0"/>
      <line num="97" type="stmt" count="0"/>
      <line num="99" type="stmt" count="0"/>
      <line num="100" type="stmt" count="0"/>
      <line num="101" type="stmt" count="0"/>
      <line num="106" type="stmt" count="0"/>
      <line num="107" type="stmt" count="0"/>
      <line num="108" type="stmt" count="0"/>
      <line num="111" type="stmt" count="0"/>
      <line num="117" type="method" name="createOrEditStudentAction" visibility="public" complexity="4" crap="20" count="0"/>
      <line num="119" type="stmt" count="0"/>
      <line num="122" type="stmt" count="0"/>
      <line num="124" type="stmt" count="0"/>
      <line num="126" type="stmt" count="0"/>
      <line num="127" type="stmt" count="0"/>
      <line num="129" type="stmt" count="0"/>
      <line num="130" type="stmt" count="0"/>
      <line num="131" type="stmt" count="0"/>
      <line num="136" type="stmt" count="0"/>
      <line num="137" type="stmt" count="0"/>
      <line num="138" type="stmt" count="0"/>
      <line num="141" type="stmt" count="0"/>
      <line num="147" type="method" name="createContactMomentAction" visibility="public" complexity="4" crap="20" count="0"/>
      <line num="150" type="stmt" count="0"/>
      <line num="151" type="stmt" count="0"/>
      <line num="152" type="stmt" count="0"/>
      <line num="157" type="stmt" count="0"/>
      <line num="160" type="stmt" count="0"/>
      <line num="161" type="stmt" count="0"/>
      <line num="162" type="stmt" count="0"/>
      <line num="163" type="stmt" count="0"/>
      <line num="165" type="stmt" count="0"/>
      <line num="166" type="stmt" count="0"/>
      <line num="167" type="stmt" count="0"/>
      <line num="168" type="stmt" count="0"/>
      <line num="169" type="stmt" count="0"/>
      <line num="171" type="stmt" count="0"/>
      <line num="175" type="stmt" count="0"/>
      <line num="176" type="stmt" count="0"/>
      <line num="177" type="stmt" count="0"/>
      <line num="178" type="stmt" count="0"/>
      <line num="179" type="stmt" count="0"/>
      <line num="182" type="stmt" count="0"/>
      <metrics loc="184" ncloc="166" classes="1" methods="7" coveredmethods="0" conditionals="0" coveredconditionals="0" statements="73" coveredstatements="0" elements="80" coveredelements="0"/>
    </file>
    <file name="/srv/api/src/Controller/UserController.php">
      <class name="App\Controller\UserController" namespace="global">
        <metrics complexity="2" methods="2" coveredmethods="0" conditionals="0" coveredconditionals="0" statements="2" coveredstatements="0" elements="4" coveredelements="0"/>
      </class>
      <line num="24" type="method" name="login" visibility="public" complexity="1" crap="2" count="0"/>
      <line num="26" type="stmt" count="0"/>
      <line num="33" type="method" name="logout" visibility="public" complexity="1" crap="2" count="0"/>
      <line num="35" type="stmt" count="0"/>
      <metrics loc="37" ncloc="25" classes="1" methods="2" coveredmethods="0" conditionals="0" coveredconditionals="0" statements="2" coveredstatements="0" elements="4" coveredelements="0"/>
    </file>
    <file name="/srv/api/src/DataFixtures/AppFixtures.php">
      <class name="App\DataFixtures\AppFixtures" namespace="global">
        <metrics complexity="3" methods="2" coveredmethods="0" conditionals="0" coveredconditionals="0" statements="6" coveredstatements="0" elements="8" coveredelements="0"/>
      </class>
      <line num="15" type="method" name="__construct" visibility="public" complexity="1" crap="2" count="0"/>
      <line num="17" type="stmt" count="0"/>
      <line num="18" type="stmt" count="0"/>
      <line num="19" type="stmt" count="0"/>
      <line num="21" type="method" name="load" visibility="public" complexity="2" crap="6" count="0"/>
      <line num="24" type="stmt" count="0"/>
      <line num="25" type="stmt" count="0"/>
      <line num="27" type="stmt" count="0"/>
      <metrics loc="28" ncloc="27" classes="1" methods="2" coveredmethods="0" conditionals="0" coveredconditionals="0" statements="6" coveredstatements="0" elements="8" coveredelements="0"/>
    </file>
    <file name="/srv/api/src/EventSubscriber/LocaleSubscriber.php">
      <class name="App\EventSubscriber\LocaleSubscriber" namespace="global">
        <metrics complexity="4" methods="3" coveredmethods="0" conditionals="0" coveredconditionals="0" statements="10" coveredstatements="0" elements="13" coveredelements="0"/>
      </class>
      <line num="15" type="method" name="__construct" visibility="public" complexity="1" crap="2" count="0"/>
      <line num="17" type="stmt" count="0"/>
      <line num="18" type="stmt" count="0"/>
      <line num="20" type="method" name="getSubscribedEvents" visibility="public" complexity="1" crap="2" count="0"/>
      <line num="24" type="stmt" count="0"/>
      <line num="28" type="method" name="onKernelRequest" visibility="public" complexity="2" crap="6" count="0"/>
      <line num="30" type="stmt" count="0"/>
      <line num="31" type="stmt" count="0"/>
      <line num="34" type="stmt" count="0"/>
      <line num="35" type="stmt" count="0"/>
      <line num="36" type="stmt" count="0"/>
      <line num="39" type="stmt" count="0"/>
      <line num="41" type="stmt" count="0"/>
      <metrics loc="42" ncloc="38" classes="1" methods="3" coveredmethods="0" conditionals="0" coveredconditionals="0" statements="10" coveredstatements="0" elements="13" coveredelements="0"/>
    </file>
    <file name="/srv/api/src/Kernel.php">
      <class name="App\Kernel" namespace="global">
        <metrics complexity="6" methods="4" coveredmethods="0" conditionals="0" coveredconditionals="0" statements="20" coveredstatements="0" elements="24" coveredelements="0"/>
      </class>
      <line num="18" type="method" name="registerBundles" visibility="public" complexity="3" crap="12" count="0"/>
      <line num="20" type="stmt" count="0"/>
      <line num="21" type="stmt" count="0"/>
      <line num="22" type="stmt" count="0"/>
      <line num="23" type="stmt" count="0"/>
      <line num="26" type="stmt" count="0"/>
      <line num="28" type="method" name="getProjectDir" visibility="public" complexity="1" crap="2" count="0"/>
      <line num="30" type="stmt" count="0"/>
      <line num="33" type="method" name="configureContainer" visibility="protected" complexity="1" crap="2" count="0"/>
      <line num="35" type="stmt" count="0"/>
      <line num="36" type="stmt" count="0"/>
      <line num="37" type="stmt" count="0"/>
      <line num="39" type="stmt" count="0"/>
      <line num="40" type="stmt" count="0"/>
      <line num="41" type="stmt" count="0"/>
      <line num="42" type="stmt" count="0"/>
      <line num="43" type="stmt" count="0"/>
      <line num="45" type="method" name="configureRoutes" visibility="protected" complexity="1" crap="2" count="0"/>
      <line num="47" type="stmt" count="0"/>
      <line num="49" type="stmt" count="0"/>
      <line num="50" type="stmt" count="0"/>
      <line num="51" type="stmt" count="0"/>
      <line num="52" type="stmt" count="0"/>
      <metrics loc="53" ncloc="53" classes="1" methods="4" coveredmethods="0" conditionals="0" coveredconditionals="0" statements="20" coveredstatements="0" elements="24" coveredelements="0"/>
    </file>
    <file name="/srv/api/src/Service/EmployeeService.php">
      <class name="App\Service\EmployeeService" namespace="global">
        <metrics complexity="3" methods="2" coveredmethods="0" conditionals="0" coveredconditionals="0" statements="7" coveredstatements="0" elements="9" coveredelements="0"/>
      </class>
      <line num="13" type="method" name="__construct" visibility="public" complexity="1" crap="2" count="0"/>
      <line num="15" type="stmt" count="0"/>
      <line num="16" type="stmt" count="0"/>
      <line num="24" type="method" name="checkOrganization" visibility="public" complexity="2" crap="6" count="0"/>
      <line num="27" type="stmt" count="0"/>
      <line num="29" type="stmt" count="0"/>
      <line num="30" type="stmt" count="0"/>
      <line num="31" type="stmt" count="0"/>
      <line num="34" type="stmt" count="0"/>
      <metrics loc="36" ncloc="30" classes="1" methods="2" coveredmethods="0" conditionals="0" coveredconditionals="0" statements="7" coveredstatements="0" elements="9" coveredelements="0"/>
    </file>
    <file name="/srv/api/src/Service/MailService.php">
      <class name="App\Service\MailService" namespace="global">
        <metrics complexity="3" methods="3" coveredmethods="0" conditionals="0" coveredconditionals="0" statements="37" coveredstatements="0" elements="40" coveredelements="0"/>
      </class>
      <line num="15" type="method" name="__construct" visibility="public" complexity="1" crap="2" count="0"/>
      <line num="17" type="stmt" count="0"/>
      <line num="18" type="stmt" count="0"/>
      <line num="19" type="stmt" count="0"/>
      <line num="21" type="method" name="sendWelcomeMail" visibility="public" complexity="1" crap="2" count="0"/>
      <line num="23" type="stmt" count="0"/>
      <line num="24" type="stmt" count="0"/>
      <line num="26" type="stmt" count="0"/>
      <line num="28" type="stmt" count="0"/>
      <line num="29" type="stmt" count="0"/>
      <line num="30" type="stmt" count="0"/>
      <line num="31" type="stmt" count="0"/>
      <line num="32" type="stmt" count="0"/>
      <line num="35" type="stmt" count="0"/>
      <line num="37" type="stmt" count="0"/>
      <line num="39" type="stmt" count="0"/>
      <line num="40" type="stmt" count="0"/>
      <line num="41" type="stmt" count="0"/>
      <line num="42" type="stmt" count="0"/>
      <line num="43" type="stmt" count="0"/>
      <line num="44" type="stmt" count="0"/>
      <line num="45" type="stmt" count="0"/>
      <line num="47" type="stmt" count="0"/>
      <line num="50" type="stmt" count="0"/>
      <line num="53" type="method" name="sendShareStudentMail" visibility="public" complexity="1" crap="2" count="0"/>
      <line num="55" type="stmt" count="0"/>
      <line num="57" type="stmt" count="0"/>
      <line num="58" type="stmt" count="0"/>
      <line num="59" type="stmt" count="0"/>
      <line num="62" type="stmt" count="0"/>
      <line num="64" type="stmt" count="0"/>
      <line num="66" type="stmt" count="0"/>
      <line num="67" type="stmt" count="0"/>
      <line num="68" type="stmt" count="0"/>
      <line num="69" type="stmt" count="0"/>
      <line num="70" type="stmt" count="0"/>
      <line num="71" type="stmt" count="0"/>
      <line num="72" type="stmt" count="0"/>
      <line num="74" type="stmt" count="0"/>
      <line num="77" type="stmt" count="0"/>
      <metrics loc="79" ncloc="79" classes="1" methods="3" coveredmethods="0" conditionals="0" coveredconditionals="0" statements="37" coveredstatements="0" elements="40" coveredelements="0"/>
    </file>
    <file name="/srv/api/src/Service/StudentService.php">
      <class name="App\Service\StudentService" namespace="global">
        <metrics complexity="7" methods="4" coveredmethods="0" conditionals="0" coveredconditionals="0" statements="18" coveredstatements="0" elements="22" coveredelements="0"/>
      </class>
      <line num="13" type="method" name="__construct" visibility="public" complexity="1" crap="2" count="0"/>
      <line num="15" type="stmt" count="0"/>
      <line num="16" type="stmt" count="0"/>
      <line num="24" type="method" name="checkStudent" visibility="public" complexity="1" crap="2" count="0"/>
      <line num="26" type="stmt" count="0"/>
      <line num="27" type="stmt" count="0"/>
      <line num="28" type="stmt" count="0"/>
      <line num="37" type="method" name="checkLanguageHouse" visibility="private" complexity="2" crap="6" count="0"/>
      <line num="40" type="stmt" count="0"/>
      <line num="59" type="stmt" count="0"/>
      <line num="60" type="stmt" count="0"/>
      <line num="61" type="stmt" count="0"/>
      <line num="64" type="stmt" count="0"/>
      <line num="73" type="method" name="checkIntakeStatus" visibility="private" complexity="3" crap="12" count="0"/>
      <line num="75" type="stmt" count="0"/>
      <line num="76" type="stmt" count="0"/>
      <line num="77" type="stmt" count="0"/>
      <line num="78" type="stmt" count="0"/>
      <line num="79" type="stmt" count="0"/>
      <line num="80" type="stmt" count="0"/>
      <line num="81" type="stmt" count="0"/>
      <line num="85" type="stmt" count="0"/>
      <metrics loc="87" ncloc="69" classes="1" methods="4" coveredmethods="0" conditionals="0" coveredconditionals="0" statements="18" coveredstatements="0" elements="22" coveredelements="0"/>
    </file>
    <file name="/srv/api/src/Service/UserService.php">
      <class name="App\Service\UserService" namespace="global">
        <metrics complexity="44" methods="17" coveredmethods="0" conditionals="0" coveredconditionals="0" statements="131" coveredstatements="0" elements="148" coveredelements="0"/>
      </class>
      <line num="13" type="method" name="__construct" visibility="public" complexity="1" crap="2" count="0"/>
      <line num="15" type="stmt" count="0"/>
      <line num="16" type="stmt" count="0"/>
      <line num="25" type="method" name="getUserGroups" visibility="private" complexity="7" crap="56" count="0"/>
      <line num="28" type="stmt" count="0"/>
      <line num="29" type="stmt" count="0"/>
      <line num="31" type="stmt" count="0"/>
      <line num="32" type="stmt" count="0"/>
      <line num="33" type="stmt" count="0"/>
      <line num="34" type="stmt" count="0"/>
      <line num="35" type="stmt" count="0"/>
      <line num="36" type="stmt" count="0"/>
      <line num="37" type="stmt" count="0"/>
      <line num="38" type="stmt" count="0"/>
      <line num="40" type="stmt" count="0"/>
      <line num="41" type="stmt" count="0"/>
      <line num="42" type="stmt" count="0"/>
      <line num="43" type="stmt" count="0"/>
      <line num="44" type="stmt" count="0"/>
      <line num="45" type="stmt" count="0"/>
      <line num="48" type="stmt" count="0"/>
      <line num="52" type="stmt" count="0"/>
      <line num="62" type="method" name="saveEmployeeUser" visibility="public" complexity="1" crap="2" count="0"/>
      <line num="66" type="stmt" count="0"/>
      <line num="67" type="stmt" count="0"/>
      <line num="68" type="stmt" count="0"/>
      <line num="69" type="stmt" count="0"/>
      <line num="70" type="stmt" count="0"/>
      <line num="73" type="stmt" count="0"/>
      <line num="83" type="method" name="saveStudentUser" visibility="public" complexity="2" crap="6" count="0"/>
      <line num="87" type="stmt" count="0"/>
      <line num="88" type="stmt" count="0"/>
      <line num="89" type="stmt" count="0"/>
      <line num="91" type="stmt" count="0"/>
      <line num="94" type="stmt" count="0"/>
      <line num="105" type="method" name="saveUser" visibility="private" complexity="7" crap="56" count="0"/>
      <line num="107" type="stmt" count="0"/>
      <line num="108" type="stmt" count="0"/>
      <line num="109" type="stmt" count="0"/>
      <line num="112" type="stmt" count="0"/>
      <line num="113" type="stmt" count="0"/>
      <line num="114" type="stmt" count="0"/>
      <line num="117" type="stmt" count="0"/>
      <line num="119" type="stmt" count="0"/>
      <line num="120" type="stmt" count="0"/>
      <line num="121" type="stmt" count="0"/>
      <line num="123" type="stmt" count="0"/>
      <line num="125" type="stmt" count="0"/>
      <line num="126" type="stmt" count="0"/>
      <line num="127" type="stmt" count="0"/>
      <line num="130" type="stmt" count="0"/>
      <line num="133" type="stmt" count="0"/>
      <line num="141" type="method" name="randomPassword" visibility="private" complexity="2" crap="6" count="0"/>
      <line num="142" type="stmt" count="0"/>
      <line num="143" type="stmt" count="0"/>
      <line num="144" type="stmt" count="0"/>
      <line num="145" type="stmt" count="0"/>
      <line num="146" type="stmt" count="0"/>
      <line num="147" type="stmt" count="0"/>
      <line num="149" type="stmt" count="0"/>
      <line num="159" type="method" name="saveUserGroups" visibility="public" complexity="4" crap="20" count="0"/>
      <line num="161" type="stmt" count="0"/>
      <line num="162" type="stmt" count="0"/>
      <line num="163" type="stmt" count="0"/>
      <line num="164" type="stmt" count="0"/>
      <line num="165" type="stmt" count="0"/>
      <line num="166" type="stmt" count="0"/>
      <line num="167" type="stmt" count="0"/>
      <line num="168" type="stmt" count="0"/>
      <line num="170" type="stmt" count="0"/>
      <line num="173" type="stmt" count="0"/>
      <line num="183" type="method" name="deleteUserGroups" visibility="public" complexity="3" crap="12" count="0"/>
      <line num="185" type="stmt" count="0"/>
      <line num="186" type="stmt" count="0"/>
      <line num="187" type="stmt" count="0"/>
      <line num="188" type="stmt" count="0"/>
      <line num="191" type="stmt" count="0"/>
      <line num="202" type="method" name="findUserGroupByName" visibility="private" complexity="3" crap="12" count="0"/>
      <line num="204" type="stmt" count="0"/>
      <line num="205" type="stmt" count="0"/>
      <line num="206" type="stmt" count="0"/>
      <line num="210" type="stmt" count="0"/>
      <line num="219" type="method" name="getScopes" visibility="private" complexity="2" crap="6" count="0"/>
      <line num="221" type="stmt" count="0"/>
      <line num="222" type="stmt" count="0"/>
      <line num="223" type="stmt" count="0"/>
      <line num="225" type="stmt" count="0"/>
      <line num="236" type="method" name="saveLanguageHouseUserGroups" visibility="private" complexity="1" crap="2" count="0"/>
      <line num="238" type="stmt" count="0"/>
      <line num="239" type="stmt" count="0"/>
      <line num="240" type="stmt" count="0"/>
      <line num="242" type="stmt" count="0"/>
      <line num="243" type="stmt" count="0"/>
      <line num="245" type="stmt" count="0"/>
      <line num="257" type="method" name="saveLanguageHouseCoordinatorGroup" visibility="private" complexity="2" crap="6" count="0"/>
      <line num="260" type="stmt" count="0"/>
      <line num="261" type="stmt" count="0"/>
      <line num="262" type="stmt" count="0"/>
      <line num="263" type="stmt" count="0"/>
      <line num="265" type="stmt" count="0"/>
      <line num="266" type="stmt" count="0"/>
      <line num="268" type="stmt" count="0"/>
      <line num="271" type="stmt" count="0"/>
      <line num="283" type="method" name="saveLanguageHouseEmployeeGroup" visibility="private" complexity="2" crap="6" count="0"/>
      <line num="286" type="stmt" count="0"/>
      <line num="287" type="stmt" count="0"/>
      <line num="288" type="stmt" count="0"/>
      <line num="289" type="stmt" count="0"/>
      <line num="291" type="stmt" count="0"/>
      <line num="292" type="stmt" count="0"/>
      <line num="294" type="stmt" count="0"/>
      <line num="297" type="stmt" count="0"/>
      <line num="308" type="method" name="saveProviderUserGroups" visibility="private" complexity="1" crap="2" count="0"/>
      <line num="310" type="stmt" count="0"/>
      <line num="312" type="stmt" count="0"/>
      <line num="313" type="stmt" count="0"/>
      <line num="314" type="stmt" count="0"/>
      <line num="316" type="stmt" count="0"/>
      <line num="317" type="stmt" count="0"/>
      <line num="318" type="stmt" count="0"/>
      <line num="320" type="stmt" count="0"/>
      <line num="332" type="method" name="saveProviderCoordinatorUserGroup" visibility="private" complexity="2" crap="6" count="0"/>
      <line num="335" type="stmt" count="0"/>
      <line num="336" type="stmt" count="0"/>
      <line num="337" type="stmt" count="0"/>
      <line num="338" type="stmt" count="0"/>
      <line num="340" type="stmt" count="0"/>
      <line num="341" type="stmt" count="0"/>
      <line num="343" type="stmt" count="0"/>
      <line num="346" type="stmt" count="0"/>
      <line num="358" type="method" name="saveProviderMentorUserGroup" visibility="private" complexity="2" crap="6" count="0"/>
      <line num="361" type="stmt" count="0"/>
      <line num="362" type="stmt" count="0"/>
      <line num="363" type="stmt" count="0"/>
      <line num="364" type="stmt" count="0"/>
      <line num="366" type="stmt" count="0"/>
      <line num="367" type="stmt" count="0"/>
      <line num="369" type="stmt" count="0"/>
      <line num="372" type="stmt" count="0"/>
      <line num="384" type="method" name="saveProviderVolunteerUserGroup" visibility="private" complexity="2" crap="6" count="0"/>
      <line num="387" type="stmt" count="0"/>
      <line num="388" type="stmt" count="0"/>
      <line num="389" type="stmt" count="0"/>
      <line num="390" type="stmt" count="0"/>
      <line num="392" type="stmt" count="0"/>
      <line num="393" type="stmt" count="0"/>
      <line num="395" type="stmt" count="0"/>
      <line num="398" type="stmt" count="0"/>
      <metrics loc="400" ncloc="277" classes="1" methods="17" coveredmethods="0" conditionals="0" coveredconditionals="0" statements="131" coveredstatements="0" elements="148" coveredelements="0"/>
    </file>
    <metrics files="9" loc="946" ncloc="764" classes="9" methods="44" coveredmethods="0" conditionals="0" coveredconditionals="0" statements="304" coveredstatements="0" elements="348" coveredelements="0"/>
  </project>
</coverage>
